
5-11 - Сегодня день рождения у Patrick Bateman
2024-05-11 22:00:31.179608-бот был запущен
5-11 - Сегодня день рождения у Patrick Bateman
2024-05-11 22:00:32.365471-бот был запущен
5-11 - Сегодня день рождения у Patrick Bateman
2024-05-12 00:00:56.470374-бот был запущен
2024-05-12 00:00:56.470374----Сегодня событий нет
2024-05-12 16:28:42.172694-бот был запущен
2024-05-12 16:28:42.172694----Сегодня событий нет
2024-05-12 16:29:07.997059-бот был запущен
2024-05-12 16:29:07.997059----Сегодня событий нет
2024-05-12 18:56:43.343346-бот был запущен
2024-05-12 18:56:43.343346----Сегодня событий нет
2024-05-12 20:18:11.793960-бот был запущен
2024-05-12 20:18:11.793960----Сегодня событий нет
2024-05-12 20:18:35.422841-бот был запущен
2024-05-12 20:18:35.422841----Сегодня событий нет
2024-05-12 20:18:48.342891-бот был запущен
2024-05-12 20:18:48.342891----Сегодня событий нет
2024-05-12 20:19:06.399069-бот был запущен
2024-05-12 20:19:06.399069----Сегодня событий нет
2024-05-12 20:20:25.526801-бот был запущен
2024-05-12 20:20:25.526801----Сегодня событий нет
2024-05-12 20:20:45.928786-бот был запущен
2024-05-12 20:20:45.928786----Сегодня событий нет
2024-05-12 20:25:25.551961-бот был запущен
2024-05-12 20:25:25.551961----Сегодня событий нет
2024-05-12 20:26:55.760094-бот был запущен
2024-05-12 20:26:55.760094----Сегодня событий нет
2024-05-12 20:27:31.614635-бот был запущен
2024-05-12 20:27:31.614635----Сегодня событий нет
2024-05-12 20:27:45.788730-бот был запущен
2024-05-12 20:27:45.788730----Сегодня событий нет
2024-05-12 20:28:47.585325-бот был запущен
2024-05-12 20:28:47.585325----Сегодня событий нет
2024-05-12 20:29:30.788408-бот был запущен
2024-05-12 20:29:30.788408----Сегодня событий нет
2024-05-12 20:30:20.057928-бот был запущен
2024-05-12 20:30:20.057928----Сегодня событий нет
2024-05-12 20:30:49.284342-бот был запущен
2024-05-12 20:30:49.284342----Сегодня событий нет
2024-05-12 20:31:15.455326-бот был запущен
2024-05-12 20:31:15.455326----Сегодня событий нет
2024-05-12 20:31:30.210187-бот был запущен
2024-05-12 20:31:30.210187----Сегодня событий нет
2024-05-12 20:31:40.589244-бот был запущен
2024-05-12 20:31:40.589244----Сегодня событий нет
2024-05-12 20:31:59.316236-бот был запущен
2024-05-12 20:31:59.316236----Сегодня событий нет
2024-05-12 20:32:35.980268-бот был запущен
2024-05-12 20:32:35.980268----Сегодня событий нет
2024-05-12 20:56:19.580324-бот был запущен
2024-05-12 20:56:19.580324----Сегодня событий нет
2024-05-12 21:24:43.775639-бот был запущен
2024-05-12 21:24:43.775639----Сегодня событий нет
2024-05-12 21:25:27.920230-бот был запущен
2024-05-12 21:25:27.920230----Сегодня событий нет
2024-05-12 21:26:36.796159-бот был запущен
2024-05-12 21:26:36.796159----Сегодня событий нет
2024-05-12 21:27:09.927059-бот был запущен
2024-05-12 21:27:09.927059----Сегодня событий нет
2024-05-12 21:33:14.078784-бот был запущен
2024-05-12 21:33:14.078784----Сегодня событий нет
2024-05-12 21:34:20.693157-бот был запущен
2024-05-12 21:34:20.693157----Сегодня событий нет
2024-05-12 21:34:38.205521-бот был запущен
2024-05-12 21:34:38.205521----Сегодня событий нет
2024-05-12 21:37:30.357597-бот был запущен
2024-05-12 21:37:30.357597----Сегодня событий нет
2024-05-12 21:43:40.130037-бот был запущен
2024-05-12 21:43:40.130037----Сегодня событий нет
2024-05-12 21:50:53.337382-бот был запущен
2024-05-12 21:50:53.337382----Сегодня событий нет
2024-05-12 21:51:04.151086-бот был запущен
2024-05-12 21:51:04.151086----Сегодня событий нет
2024-05-12 21:51:58.766707-бот был запущен
2024-05-12 21:51:58.766707----Сегодня событий нет
2024-05-12 21:52:40.638241-бот был запущен
2024-05-12 21:52:40.638241----Сегодня событий нет
2024-05-12 21:52:47.049177-бот был запущен
2024-05-12 21:52:47.049177----Сегодня событий нет

2024-05-12 21:56:37.796292----в banya добавлен новый человек имя - Андрей фамилия - Суховерхов дата рождения - 12-28

2024-05-12 21:57:14.926789-бот был запущен
2024-05-12 21:57:14.926789----Сегодня событий нет
2024-05-12 21:59:00.193812-бот был запущен
2024-05-12 21:59:00.193812----Сегодня событий нет
2024-05-12 21:59:39.075122-бот был запущен
2024-05-12 21:59:39.075122----Сегодня событий нет
2024-05-12 22:00:05.779306-бот был запущен
2024-05-12 22:00:05.779306----Сегодня событий нет
2024-05-12 22:02:25.398831-бот был запущен
2024-05-12 22:02:25.398831----Сегодня событий нет
2024-05-12 22:02:31.387652-бот был запущен
2024-05-12 22:02:31.387652----Сегодня событий нет
2024-05-12 22:02:37.844140-бот был запущен
2024-05-12 22:02:37.844140----Сегодня событий нет
2024-05-12 22:03:04.628449-бот был запущен
2024-05-12 22:03:04.628449----Сегодня событий нет
2024-05-12 22:03:35.656592-бот был запущен
2024-05-12 22:03:35.656592----Сегодня событий нет
2024-05-12 22:03:51.448099-бот был запущен
2024-05-12 22:03:51.448099----Сегодня событий нет
2024-05-12 22:04:01.630247-бот был запущен
2024-05-12 22:04:01.630247----Сегодня событий нет
2024-05-12 22:04:57.814319-бот был запущен
2024-05-12 22:04:57.814319----Сегодня событий нет
2024-05-12 22:06:00.125087-бот был запущен
2024-05-12 22:06:00.125087----Сегодня событий нет
2024-05-12 22:08:30.031599-бот был запущен
2024-05-12 22:08:30.031599----Сегодня событий нет
2024-05-12 22:08:52.235671-бот был запущен
2024-05-12 22:08:52.235671----Сегодня событий нет
2024-05-12 22:09:14.526454-бот был запущен
2024-05-12 22:09:14.526454----Сегодня событий нет
2024-05-12 22:09:35.954759-бот был запущен
2024-05-12 22:09:35.954759----Сегодня событий нет
2024-05-12 22:09:52.635768-бот был запущен
2024-05-12 22:09:52.635768----Сегодня событий нет
2024-05-12 22:12:49.566348-бот был запущен
2024-05-12 22:12:49.566348----Сегодня событий нет
2024-05-12 22:13:00.430196-бот был запущен
2024-05-12 22:13:00.430196----Сегодня событий нет
2024-05-12 22:14:14.360283-бот был запущен
2024-05-12 22:14:14.360283----Сегодня событий нет
2024-05-12 22:16:33.400685-бот был запущен
2024-05-12 22:16:33.400685----Сегодня событий нет
2024-05-12 22:16:59.569166-бот был запущен
2024-05-12 22:16:59.569166----Сегодня событий нет
2024-05-12 22:18:09.036113-бот был запущен
2024-05-12 22:18:09.036113----Сегодня событий нет
2024-05-12 22:18:53.767492-бот был запущен
2024-05-12 22:18:53.767492----Сегодня событий нет
2024-05-12 22:19:49.047648-бот был запущен
2024-05-12 22:19:49.047648----Сегодня событий нет
2024-05-12 22:20:20.522602-бот был запущен
2024-05-12 22:20:20.522602----Сегодня событий нет
2024-05-12 22:20:47.724331-бот был запущен
2024-05-12 22:20:47.724331----Сегодня событий нет
2024-05-12 22:21:21.637023-бот был запущен
2024-05-12 22:21:21.637023----Сегодня событий нет
2024-05-12 22:21:32.625555-бот был запущен
2024-05-12 22:21:32.625555----Сегодня событий нет
2024-05-12 22:21:45.407385-бот был запущен
2024-05-12 22:21:45.407385----Сегодня событий нет
2024-05-12 22:22:18.788405-бот был запущен
2024-05-12 22:22:18.788405----Сегодня событий нет
2024-05-12 22:22:30.807445-бот был запущен
2024-05-12 22:22:30.807445----Сегодня событий нет
2024-05-12 22:23:08.965507-бот был запущен
2024-05-12 22:23:08.965507----Сегодня событий нет
2024-05-12 22:24:28.985759-бот был запущен
2024-05-12 22:24:28.985759----Сегодня событий нет
2024-05-12 22:25:09.802916-бот был запущен
2024-05-12 22:25:09.802916----Сегодня событий нет
2024-05-12 22:25:22.988050-бот был запущен
2024-05-12 22:25:22.988050----Сегодня событий нет
2024-05-12 22:25:38.293573-бот был запущен
2024-05-12 22:25:38.293573----Сегодня событий нет
2024-05-12 22:26:04.578030-бот был запущен
2024-05-12 22:26:04.578030----Сегодня событий нет
2024-05-12 22:26:31.061918-бот был запущен
2024-05-12 22:26:31.061918----Сегодня событий нет
2024-05-12 22:26:56.799579-бот был запущен
2024-05-12 22:26:56.799579----Сегодня событий нет
2024-05-12 22:27:11.255083-бот был запущен
2024-05-12 22:27:11.255083----Сегодня событий нет
2024-05-12 22:29:50.090940-бот был запущен
2024-05-12 22:29:50.090940----Сегодня событий нет
2024-05-12 22:30:40.611713-бот был запущен
2024-05-12 22:30:40.611713----Сегодня событий нет
2024-05-12 22:31:24.868901-бот был запущен
2024-05-12 22:31:24.868901----Сегодня событий нет
2024-05-12 22:32:06.862290-бот был запущен
2024-05-12 22:32:06.862290----Сегодня событий нет
2024-05-12 22:34:36.849978-бот был запущен
2024-05-12 22:34:36.849978----Сегодня событий нет
2024-05-12 22:35:42.852267-бот был запущен
2024-05-12 22:35:42.852267----Сегодня событий нет
2024-05-12 22:39:36.603090-бот был запущен
2024-05-12 22:39:36.603090----Сегодня событий нет
2024-05-12 22:39:48.292890-бот был запущен
2024-05-12 22:39:48.292890----Сегодня событий нет
2024-05-12 22:40:24.230055-бот был запущен
2024-05-12 22:40:24.230055----Сегодня событий нет
2024-05-12 22:41:11.923703-бот был запущен
2024-05-12 22:41:11.923703----Сегодня событий нет
2024-05-12 22:41:24.731096-бот был запущен
2024-05-12 22:41:24.731096----Сегодня событий нет
2024-05-12 22:42:02.701385-бот был запущен
2024-05-12 22:42:02.701385----Сегодня событий нет
2024-05-12 22:42:30.931211-бот был запущен
2024-05-12 22:42:30.931211----Сегодня событий нет
2024-05-12 22:42:41.378655-бот был запущен
2024-05-12 22:42:41.378655----Сегодня событий нет
2024-05-12 22:42:45.116034-бот был запущен
2024-05-12 22:42:45.116034----Сегодня событий нет
2024-05-12 22:43:54.104655-бот был запущен
2024-05-12 22:43:54.104655----Сегодня событий нет
2024-05-12 22:44:14.091657-бот был запущен
2024-05-12 22:44:14.091657----Сегодня событий нет
2024-05-12 22:45:13.936541-бот был запущен
2024-05-12 22:45:13.936541----Сегодня событий нет
2024-05-12 22:45:18.097095-бот был запущен
2024-05-12 22:45:18.097095----Сегодня событий нет
2024-05-12 22:48:45.941921-бот был запущен
2024-05-12 22:48:45.941921----Сегодня событий нет
2024-05-12 22:49:16.074694-бот был запущен
2024-05-12 22:49:16.074694----Сегодня событий нет
2024-05-12 22:49:51.340337-бот был запущен
2024-05-12 22:49:51.340337----Сегодня событий нет
2024-05-12 22:50:28.746878-бот был запущен
2024-05-12 22:50:28.746878----Сегодня событий нет
2024-05-12 22:52:41.021487-бот был запущен
2024-05-12 22:52:41.021487----Сегодня событий нет
2024-05-12 22:53:37.745885-бот был запущен
2024-05-12 22:53:37.745885----Сегодня событий нет
2024-05-12 22:54:43.036932-бот был запущен
2024-05-12 22:54:43.036932----Сегодня событий нет
2024-05-12 22:56:15.369096-бот был запущен
2024-05-12 22:56:15.369096----Сегодня событий нет
2024-05-12 22:56:40.756642-бот был запущен
2024-05-12 22:56:40.756642----Сегодня событий нет
2024-05-12 22:57:11.198518-бот был запущен
2024-05-12 22:57:11.198518----Сегодня событий нет
2024-05-12 22:57:12.436756-бот был запущен
2024-05-12 22:57:12.436756----Сегодня событий нет
2024-05-12 22:57:50.755560-бот был запущен
2024-05-12 22:57:50.755560----Сегодня событий нет
2024-05-12 22:58:16.571625-бот был запущен
2024-05-12 22:58:16.571625----Сегодня событий нет
2024-05-12 22:58:39.051540-бот был запущен
2024-05-12 22:58:39.051540----Сегодня событий нет
2024-05-12 22:58:48.376299-бот был запущен
2024-05-12 22:58:48.376299----Сегодня событий нет
2024-05-12 22:59:11.412558-бот был запущен
2024-05-12 22:59:11.412558----Сегодня событий нет
2024-05-12 22:59:17.874694-бот был запущен
2024-05-12 22:59:17.874694----Сегодня событий нет
2024-05-12 22:59:18.807182-бот был запущен
2024-05-12 22:59:18.807182----Сегодня событий нет
2024-05-12 22:59:19.779894-бот был запущен
2024-05-12 22:59:19.779894----Сегодня событий нет
2024-05-12 22:59:20.765459-бот был запущен
2024-05-12 22:59:20.765459----Сегодня событий нет
2024-05-12 23:02:18.185678-бот был запущен
2024-05-12 23:02:18.185678----Сегодня событий нет
2024-05-12 23:09:00.533403-бот был запущен
2024-05-12 23:09:00.533403----Сегодня событий нет
2024-05-12 23:09:44.024796-бот был запущен
2024-05-12 23:09:44.024796----Сегодня событий нет
2024-05-12 23:09:51.184651-бот был запущен
2024-05-12 23:09:51.184651----Сегодня событий нет
2024-05-12 23:10:13.134625-бот был запущен
2024-05-12 23:10:13.134625----Сегодня событий нет
2024-05-12 23:14:56.916536-бот был запущен
2024-05-12 23:14:56.916536----Сегодня событий нет
2024-05-12 23:15:50.461064-бот был запущен
2024-05-12 23:15:50.461064----Сегодня событий нет
2024-05-12 23:16:36.398404-бот был запущен
2024-05-12 23:16:36.398404----Сегодня событий нет
2024-05-12T23:20:02.714256-бот был запущен
2024-05-12T23:20:02.714256----Сегодня событий нет
2024-05-12-бот был запущен
2024-05-12----Сегодня событий нет
2024-05-12-бот был запущен
2024-05-12----Сегодня событий нет
